 RUN AT EXPONENTIAL TEMPERATURE= 3.83E+08 K, DENSITY= 5.35E+02 GR/CM3, SCALE FACTOR 1=2.1E+01 AND SCALE FACTOR 2=1.2E+02
     networkfile= nucleo.dat               
     reactionfile= reactions.dat            

$$$$$$$$$$$$$$$$$$$$$$$$$$$$$$$$$$$$$$$$$$$$$$$$$$$$$$$$$$$$$$$$$$$$$$$$$$$$$$$$$$$$$$$$$$$$$$$$$$$$$$$$$$$$$$$$$$$$$$$$$$$$$$$$$$$$$$$$$$$$$$$$$$$$$$$$$
  **** RUN STOP OKAY ****   **** RUN STOP OKAY ****   **** RUN STOP OKAY ****   **** RUN STOP OKAY ****   **** RUN STOP OKAY **** 
$$$$$$$$$$$$$$$$$$$$$$$$$$$$$$$$$$$$$$$$$$$$$$$$$$$$$$$$$$$$$$$$$$$$$$$$$$$$$$$$$$$$$$$$$$$$$$$$$$$$$$$$$$$$$$$$$$$$$$$$$$$$$$$$$$$$$$$$$$$$$$$$$$$$$$$$$

 NSTEP=   2355 (NLAST= 500000)  TIME= 1.000E+04 s (TLAST= 1.000E+04 s)  X(H   1)= 1.613E-01 (XLAST= 1.000E-25)
 TOTAL ENERGY (ERG/G)      ETA          YE
    5.664E+17          -1.466E-01    5.733E-01
 FINAL ABUNDANCES
 H   1= 1.61E-001 NE  1=-2.43E-023 H   2= 1.49E-018 H   3=-2.86E-026 HE  3= 2.90E-011 HE  4= 1.22E-001 C  12= 8.94E-003 O  16= 1.83E-003 HE  6= 1.34E-256
 LI  6= 1.27E-026 BE  7= 1.39E-005 LI  7= 2.13E-008 B   8=-1.98E-193 LI  8=-1.65E-182 LI  9=-2.20E-141 BE  9=-3.01E-034 C   9= 9.89E-172 BE 10= 4.49E-036
 B  10= 1.24E-019 C  10= 1.82E-137 N  11=-8.16E-139 C  11= 5.53E-013 BE 11=-1.99E-168 B  11= 1.54E-010 N  12=-6.86E-030 B  12=-3.25E-042 N  13= 2.40E-008
 B  13=-3.94E-051 O  13= 7.74E-028 C  13= 2.51E-003 O  14=-2.97E-038 F  14= 2.02E-032 C  14= 2.94E-018 N  14= 4.68E-001 O  15=-3.42E-025 N  15= 1.08E-001
 C  15= 1.86E-212 N  16=-5.49E-226 NE 16= 0.00E+000 F  16= 4.42E-012 NA 17= 0.00E+000 F  17=-2.73E-042 NE 17=-1.28E-179 O  17= 1.20E-001 N  17= 0.00E+000
 NA 18= 0.00E+000 N  18= 7.24E-204 O  18= 7.78E-006 NE 18= 1.00E-104 F  18= 4.18E-006 NA 19= 5.64E-129 NE 19= 6.34E-103 F  19= 2.54E-005 O  19= 9.70E-103
 MG 20=-1.84E-169 NE 20= 1.79E-003 F  20= 2.88E-101 NA 20= 1.15E-102 NA 21= 2.44E-104 MG 21= 1.48E-129 F  21= 4.48E-105 NE 21= 7.52E-007 MG 22= 3.18E-103
 AL 22=-2.33E-126 NE 22= 4.80E-009 NA 22= 5.71E-005 F  22= 2.95E-107 MG 23= 1.40E-101 NA 23= 8.56E-004 AL 23= 1.25E-148 NE 23=-2.58E-093 SI 24=-4.14E-176
 AL 24= 1.30E-104 MG 24= 4.41E-006 NA 24= 1.46E-020 NA 25= 8.44E-070 AL 25=-1.52E-088 SI 25=-1.77E-140 MG 25= 2.48E-004 AL *6= 1.34E-091 P  26= 3.16E-112
 MG 26= 3.59E-006 SI 26=-1.18E-089 NA 26= 5.58E-105 AL 03= 6.81E-105 AL 01=-1.86E-015 AL 02= 1.29E-085 AL -6= 1.03E-005 SI 27= 1.78E-088 S  27= 2.11E-087
 MG 27= 3.43E-029 AL 27= 9.67E-005 P  27=-2.11E-087 S  28=-1.65E-161 P  28= 1.76E-103 SI 28= 4.50E-004 AL 28=-1.27E-042 P  29= 9.30E-102 CL 29=-1.73E-119
 S  29=-9.85E-120 SI 29= 1.55E-003 AL 29=-9.76E-034 CL 30=-3.23E-037 S  30= 5.51E-037 SI 30= 9.39E-004 P  30= 1.82E-023 AL 30= 4.84E-102 CL 31=-5.65E-157
 SI 31= 8.59E-021 P  31= 9.08E-004 S  31= 3.39E-102 CL 32= 1.64E-103 AR 32=-9.60E-167 S  32= 3.91E-004 P  32= 1.44E-018 P  33= 1.94E-022 AR 33= 1.57E-181
 CL 33= 1.62E-104 S  33= 4.46E-006 S  34= 4.33E-005 P  34= 7.79E-103 AR 34= 1.01E-119 K  34=-9.82E-120 CL 34= 9.52E-104 AR 35= 2.34E-104 K  35= 3.87E-181
 P  35= 5.27E-095 CL 35= 9.13E-006 S  35= 7.40E-019 S  36=-1.33E-027 P  36=-8.89E-322 CL 36= 2.16E-017 CA 36= 1.18E-205 K  36= 7.80E-106 AR 36= 1.57E-006
 K  37= 5.30E-104 CA 37= 2.12E-197 CL 37= 6.89E-008 AR 37= 3.00E-005 S  37= 8.22E-051 K  38= 1.79E-012 CL 38= 2.77E-025 CA 38= 1.14E-111 AR 38= 8.09E-006
 CL 39=-3.65E-034 K  39= 4.53E-006 CA 39= 5.63E-105 AR 39= 1.05E-016 CA 40= 2.43E-005 SC 40= 6.37E-105 CL 40=-1.21E-073 AR 40= 2.00E-020 K  40= 1.27E-010
 K  41= 2.93E-009 CA 41= 1.30E-008 AR 41= 5.60E-034 SC 41= 1.12E-107 TI 41=-1.05E-154 TI 42=-3.69E-183 SC 42= 1.71E-106 CA 42= 1.74E-007 K  42= 6.37E-018
 SC 43= 9.97E-009 TI 43= 7.31E-108 K  43= 1.58E-028 CA 43= 3.87E-008 TI 44= 5.22E-011 V  44= 7.40E-111 SC 44= 1.87E-009 CA 44= 5.41E-007 K  44= 3.28E-041
 K  45=-1.70E-050 TI 45= 5.83E-011 CA 45= 2.01E-017 SC 45= 3.48E-008 CR 45=-2.30E-122 V  45= 4.59E-110 CA 46= 8.65E-010 TI 46= 9.49E-008 V  46= 5.78E-107
 CR 46= 2.43E-206 K  46= 7.86E-084 SC 46= 1.15E-017 SC 47= 6.13E-011 CA 47= 1.96E-020 K  47= 4.98E-118 TI 47= 8.36E-008 V  47= 7.26E-013 CR 47= 5.53E-112
 CA 48= 5.44E-008 CR 48= 7.88E-016 K  48= 5.34E-106 TI 48= 5.74E-007 SC 48= 2.71E-011 V  48= 3.64E-009 CR 49= 1.49E-013 TI 49= 6.43E-008 V  49= 3.12E-007
 SC 49= 2.98E-011 TI 50= 6.22E-008 CR 50= 2.87E-007 SC 50=-2.55E-050 V  50= 2.52E-009 V  51= 1.49E-007 TI 51= 2.17E-027 CR 51= 5.07E-012 CR 52= 5.77E-006
 V  52= 1.19E-030 V  53=-2.31E-057 CR 53= 6.62E-007 V  54= 8.86E-090 CR 54= 1.68E-007 CR 55= 1.05E-017      = 0.00E+000
