    1  0.476472156789070D-26
    2  0.232542843389476D-28
    3  0.183449246014661D-13
    4  0.832635756504606D-63
    5  0.000000000000000D+00
    6  0.238445166631777D-11
    7  0.000000000000000D+00
    8  0.000000000000000D+00
    9  0.329742241382027D-27
   10  0.313602945967066D-42
   11  0.133388314047957D-20
   12  0.598580648796416D-10
   13  0.657462600252851D-25
   14  0.443167731116945D-32
   15  0.946744246842227D-54
   16  0.174688884520455D-11
   17  0.461216753164917D-02
   18  0.650930981970659D-25
   19  0.665615945434107D-36
   20  0.694703372851423D-49
   21  0.440210934871262D-10
   22  0.492254498964573D-01
   23  0.329818752817494D-01
   24  0.426943359111943D-30
   25  0.380124001148311D-02
   26  0.536874240391164D-06
   27  0.301174118025923D-24
   28  0.622707916796916D-36
   29  0.000000000000000D+00
   30  0.882668342898241D-25
   31  0.502826650711721D-02
   32  0.162947591646551D-05
   33  0.120640325253988D-25
   34  0.625340762366378D-14
   35  0.269984256694074D-11
   36  0.196721165413541D-06
   37  0.672175450759177D-11
   38  0.229549795445317D-23
   39  0.586581341263176D-34
   40  0.000000000000000D+00
   41  0.595799094531883D-12
   42  0.119787685068986D-07
   43  0.481790151203673D-04
   44  0.483312711588980D-04
   45  0.310886808039326D-23
   46  0.416691545469902D-13
   47  0.113518750276968D-08
   48  0.348513178194670D-07
   49  0.468472166573537D-04
   50  0.515102402334009D-16
   51  0.526340778156323D-06
   52  0.100807450277206D-19
   53  0.803631360909842D-33
   54  0.000000000000000D+00
   55  0.204861255799769D-09
   56  0.233358717774876D-09
   57  0.855059470753522D-06
   58  0.289461282927817D-04
   59  0.767027070491990D-21
   60  0.203832929838601D-10
   61  0.297184355486072D-05
   62  0.158821637319958D-04
   63  0.106892854232775D-04
   64  0.271206437018096D-05
   65  0.590632195196001D-22
   66  0.133181614368123D-25
   67  0.188324726088658D-37
   68  0.140567504212763D-46
   69  0.000000000000000D+00
   70  0.899804896637202D-12
   71  0.738491552659956D-12
   72  0.218892692869599D-05
   73  0.482817593946778D-06
   74  0.789223965974671D-05
   75  0.101231600541364D-20
   76  0.000000000000000D+00
   77  0.000000000000000D+00
   78  0.296148851591506D-16
   79  0.453029111241218D-10
   80  0.100662555511303D-08
   81  0.385343255466594D-08
   82  0.205958944276910D-07
   83  0.178133656013527D-28
   84  0.300078431920706D-30
   85  0.284811932304649D-22
   86  0.537820523079628D-33
   87  0.000000000000000D+00
   88  0.267509781778976D-19
   89  0.336687428052513D-14
   90  0.972718704418637D-11
   91  0.479662418172478D-11
   92  0.159491569213379D-08
   93  0.386914499469015D-26
   94  0.160596140302787D-33
   95  0.230439162854898D-40
   96  0.411907110056633D-19
   97  0.162464993763751D-12
   98  0.778865888434594D-06
   99  0.180966901928574D-06
  100  0.291492100827272D-23
  101  0.321741494420331D-24
  102  0.166743824136348D-21
  103  0.281936933558357D-33
  104  0.000000000000000D+00
  105  0.522641413623200D-52
  106  0.000000000000000D+00
  107  0.294089804724224D-72
  108  0.000000000000000D+00
  109  0.746862022577588D-25
  110  0.222737614679596D-16
  111  0.358181364763903D-07
  112  0.116840252482916D-08
  113  0.185771999823576D-20
  114  0.987182365979787D-24
  115  0.370888661126493D-25
  116  0.353496056104640D-33
  117  0.125390355536604D-13
  118  0.336284231084704D-13
  119  0.100052080859453D-12
  120  0.250335660581121D-11
  121  0.626661433912697D-11
  122  0.145350130691712D-23
  123  0.538444102952238D-24
  124  0.178436305634979D-15
  125  0.611663844287685D-19
  126  0.155925013636860D-12
  127  0.874718196773609D-28
  128  0.116159463039830D-18
  129  0.825300216780266D-18
  130  0.565186567119355D-17
  131  0.334110363204612D-19
  132  0.921889575028141D-13
  133  0.773675375904539D-22
  134  0.173688408263997D-20
  135  0.329040756892645D-18
  136  0.282025861591447D-16
  137  0.311054494810642D-12
  138  0.173611971744830D-16
  139  0.125433020170549D-14
  140  0.537939496239282D-26
  141  0.905475719053431D-25
  142  0.249687366355499D-20
  143  0.105008813494494D-29
  144  0.000000000000000D+00
  145  0.672360725250001D-28
  146  0.529594345954377D-23
  147  0.380029942557111D-24
  148  0.661901373342566D-18
  149  0.161368661438067D-18
  150  0.361537048736054D-17
  151  0.292110610708419D-58
  152  0.000000000000000D+00
  153  0.000000000000000D+00
  154  0.620997456187571D-97
  155  0.620997456187571D-97
  156  0.620997456187571D-97
  157  0.643039905218576D-49
  158  0.499511773987616D-67
  159  0.606964250945572D-35
  160  0.430206586885414D-38
  161  0.000000000000000D+00
  162  0.516346890910965D-08
  163  0.261886541107475D-30
  164  0.118283754922707D-34
  165  0.989267182003362D-50
  166  0.114475704796371D-49
  167  0.442087180474810D-11
  168  0.000000000000000D+00
  169  0.445153623463047D-24
  170  0.315063516521212D-12
  171  0.262311053244553D-12
  172  0.238308418280382D-08
  173  0.813510442912089D-11
  174  0.404971423926435D-13
  175  0.206701916321921D-16
  176  0.254025674006505D-10
  177  0.335174466882532D-13
  178  0.208113309387584D-10
  179  0.243723667797247D-09
  180  0.144746373712980D-09
  181  0.374376674431878D-09
  182  0.385689631653658D-09
  183  0.123421774330894D-12
  184  0.849616863853613D-13
  185  0.720539341666053D-06
  186  0.875987335074980D-13
  187  0.182634152393164D-12
  188  0.313218146765416D-13
  189  0.138356557840307D-19
  190  0.379638022938621D-14
  191  0.835584081069017D-21
  192  0.258109396389161D-15
  193  0.145286758276232D-16
  194  0.000000000000000D+00
  195  0.820509005844784D-25
  196  0.112512815944143D-16
  197  0.172772704983455D-17
  198  0.113128679925684D-16
  199  0.271508649634242D-18
  200  0.450857453225514D-28
  201  0.000000000000000D+00
  202  0.000000000000000D+00
  203  0.513565398945114D-47
  204  0.503355916903471D-29
  205  0.273015202439568D-05
  206  0.781621457865643D-98
  207  0.108306969988970D-14
  208  0.353140323383995D-15
  209  0.791427224070857D-15
  210  0.261996454041507D-11
  211  0.110067442369006D-11
  212  0.466154248000636D-31
  213  0.466985839918447D-11
  214  0.811176506045274D-26
  215  0.104832370665063D-16
  216  0.184169440647939D-13
  217  0.309734253370237D-16
  218  0.577199252338805D-23
  219  0.164940311732836D-23
  220  0.273126277768301D-05
  221  0.120363417265809D-18
  222  0.108433826549494D-18
  223  0.126016715675425D-25
  224  0.000000000000000D+00
  225  0.141331698836085D-21
  226  0.000000000000000D+00
  227  0.627443118323422D-16
  228  0.371580023996482D-98
  229  0.201869964322000D-11
  230  0.180839976778896D-16
  231  0.161275148573405D-96
  232  0.000000000000000D+00
  233  0.600121208648493D-94
  234  0.000000000000000D+00
  235  0.107347903783342D-25
  236  0.467438424847129D-10
  237  0.770012077472971D-21
  238  0.193500595133418D-21
  239  0.000000000000000D+00
  240  0.331468322098431D-27
  241  0.384511003620806D-24
  242  0.000000000000000D+00
  243  0.935755667075546D-30
  244  0.212540192096526D-37
  245  0.200514445267646D-40
  246  0.000000000000000D+00
  247  0.000000000000000D+00
  248  0.000000000000000D+00
  249  0.108499670241071D-31
  250  0.000000000000000D+00
  251  0.332831217437633D-67
  252  0.540582059627590D-38
  253  0.142261125880164D-35
  254  0.165477885906316D-17
  255  0.911879067558110D-30
  256  0.000000000000000D+00
  257  0.000000000000000D+00
  258  0.207210888967858D-51
  259  0.612854001338278D-47
  260  0.258684660904681D-47
  261  0.246598149325141D-63
  262  0.287292506823661D-63
  263  0.465931535360921D-63
  264  0.226956660933513D-97
  265  0.224719701574754D-76
  266  0.475563597203631D-71
  267  0.398734098338252D-74
  268  0.118060961587680D-94
  269  0.212099814224122D-27
  270  0.000000000000000D+00
  271  0.185710729283977D-98
  272  0.840907287841169D-65
  273  0.222729007586835D-97
  274  0.222729007586835D-97
  275  0.363959329727029D-98
  276  0.363959329727029D-98
  277  0.000000000000000D+00
  278  0.000000000000000D+00
  279  0.103748731466849D-62
  280  0.745299962475069D-28
  281  0.424780862632749D-05
  282  0.504290388452244D-18
  283  0.152776626028524D-26
  284  0.117660896965758D-13
  285  0.286713361679314D-11
  286  0.372874688574514D-18
  287  0.171992657228859D-09
  288  0.660004799743275D-21
  289  0.129394508797968D-26
  290  0.321502101730075D-55
  291  0.847092596439569D-26
  292  0.173696993593065D-09
  293  0.471248226751726D-64
  294  0.382864636131632D-24
  295  0.974299470352079D-10
  296  0.210021251207772D-19
  297  0.000000000000000D+00
  298  0.747798317589741D-91
  299  0.000000000000000D+00
  300  0.000000000000000D+00
  301  0.237198808944562D-91
  302  0.237198808944562D-91
  303  0.790003403207557D-32
  304  0.300999144721838D-92
  305  0.300999144721838D-92
  306  0.249779684738079D-91
  307  0.000000000000000D+00
  308  0.000000000000000D+00
  309  0.365598579443434D-88
  310  0.750091057982991D-28
  311  0.176407720758821D-22
  312  0.978875240095182D-08
  313  0.100588461310770D-07
  314  0.270093732334658D-09
  315  0.255696926021063D-17
  316  0.669579776415112D-13
  317  0.675476053492091D-13
  318  0.190192418938995D-25
  319  0.354959303933981D-18
  320  0.440642057811828D-38
  321  0.406747175349563D-38
  322  0.209768961501197D-44
  323  0.216526060517247D-39
  324  0.103136808405732D-39
  325  0.227211395084439D-39
  326  0.544367418948917D-09
  327  0.127493940034881D-94
  328  0.000000000000000D+00
  329  0.127493940034881D-94
  330  0.843435638543506D-18
  331  0.000000000000000D+00
  332  0.000000000000000D+00
  333  0.000000000000000D+00
  334  0.000000000000000D+00
  335  0.000000000000000D+00
  336  0.889314875305763D-25
  337  0.961662637925433D-81
  338  0.844305822844628D-60
  339  0.000000000000000D+00
  340  0.000000000000000D+00
  341  0.145692818780725D-97
  342  0.000000000000000D+00
  343  0.000000000000000D+00
  344  0.000000000000000D+00
  345  0.000000000000000D+00
  346  0.000000000000000D+00
  347  0.000000000000000D+00
  348  0.000000000000000D+00
  349  0.157251927784004D-85
  350  0.000000000000000D+00
  351  0.000000000000000D+00
  352  0.000000000000000D+00
  353  0.000000000000000D+00
  354  0.000000000000000D+00
  355  0.000000000000000D+00
  356  0.000000000000000D+00
  357  0.000000000000000D+00
  358  0.000000000000000D+00
  359  0.000000000000000D+00
  360  0.000000000000000D+00
  361  0.000000000000000D+00
  362  0.000000000000000D+00
  363  0.247704148762924D-78
  364  0.000000000000000D+00
  365  0.000000000000000D+00
  366  0.000000000000000D+00
  367  0.000000000000000D+00
  368  0.000000000000000D+00
  369  0.000000000000000D+00
  370  0.000000000000000D+00
  371  0.000000000000000D+00
  372  0.000000000000000D+00
  373  0.000000000000000D+00
  374  0.000000000000000D+00
  375  0.516019221375173D-51
  376  0.000000000000000D+00
  377  0.000000000000000D+00
  378  0.139703437717461D-56
  379  0.000000000000000D+00
  380  0.000000000000000D+00
  381  0.298351454214378D-21
  382  0.000000000000000D+00
  383  0.000000000000000D+00
  384  0.000000000000000D+00
  385  0.000000000000000D+00
  386  0.000000000000000D+00
  387  0.101516446543462D-17
  388  0.000000000000000D+00
  389  0.000000000000000D+00
  390  0.175848884937046D-92
  391  0.000000000000000D+00
  392  0.147300038364023D-59
  393  0.000000000000000D+00
  394  0.203286717590746D-41
  395  0.000000000000000D+00
  396  0.000000000000000D+00
  397  0.000000000000000D+00
  398  0.000000000000000D+00
  399  0.000000000000000D+00
  400  0.000000000000000D+00
  401  0.000000000000000D+00
  402  0.000000000000000D+00
  403  0.603693395417944D-33
  404  0.000000000000000D+00
  405  0.131575795258532D-82
  406  0.000000000000000D+00
  407  0.404539532179158D-58
  408  0.103862593800975D-43
  409  0.385614011681468D-77
  410  0.000000000000000D+00
  411  0.000000000000000D+00
  412  0.000000000000000D+00
  413  0.000000000000000D+00
  414  0.000000000000000D+00
  415  0.377181612091154D-62
  416  0.615734439430427D-72
  417  0.000000000000000D+00
  418  0.000000000000000D+00
  419  0.000000000000000D+00
  420  0.647970176130638D-33
  421  0.000000000000000D+00
  422  0.000000000000000D+00
  423  0.457426015079395D-68
  424  0.500200053057785D-24
  425  0.000000000000000D+00
  426  0.000000000000000D+00
  427  0.100585791060790D-74
  428  0.000000000000000D+00
  429  0.000000000000000D+00
  430  0.307428978189876D-75
  431  0.000000000000000D+00
  432  0.000000000000000D+00
  433  0.362682797235508D-72
  434  0.193909184315893D-88
  435  0.188420303179341D-30
  436  0.000000000000000D+00
  437  0.000000000000000D+00
  438  0.694017192656445D-75
  439  0.000000000000000D+00
  440  0.000000000000000D+00
  441  0.158302815005684D-64
  442  0.261054034325001D-42
  443  0.328015294221506D-65
  444  0.227196779408177D-84
  445  0.532188003247777D-81
  446  0.000000000000000D+00
  447  0.363096268411089D-50
  448  0.577843643418420D-42
  449  0.442451966458275D-76
  450  0.000000000000000D+00
  451  0.000000000000000D+00
  452  0.000000000000000D+00
  453  0.356633052963187D-30
  454  0.129764233336135D-26
  455  0.859085741938544D-44
  456  0.184595094161217D-14
  457  0.278027505914786D-29
  458  0.000000000000000D+00
  459  0.000000000000000D+00
  460  0.000000000000000D+00
  461  0.252185486291165D-16
  462  0.662496928862568D-16
  463  0.125089086342931D-32
  464  0.151485728478498D-36
  465  0.000000000000000D+00
  466  0.000000000000000D+00
  467  0.000000000000000D+00
  468  0.000000000000000D+00
  469  0.000000000000000D+00
  470  0.144354800217161D-72
  471  0.000000000000000D+00
  472  0.237299228656587D-16
  473  0.598196706550092D-43
  474  0.336194000888325D-31
  475  0.467598919931030D-52
  476  0.693719877994824D-04
  477  0.338054060970758D-11
  478  0.141705712361031D-15
  479  0.220427014642327D-63
  480  0.000000000000000D+00
  481  0.000000000000000D+00
  482  0.426387086778203D-72
  483  0.000000000000000D+00
  484  0.000000000000000D+00
  485  0.000000000000000D+00
  486  0.000000000000000D+00
  487  0.000000000000000D+00
  488  0.573864375428776D-10
  489  0.746024505461870D-19
  490  0.153522039612264D-24
  491  0.000000000000000D+00
  492  0.000000000000000D+00
  493  0.000000000000000D+00
  494  0.000000000000000D+00
  495  0.000000000000000D+00
  496  0.000000000000000D+00
  497  0.000000000000000D+00
  498  0.000000000000000D+00
  499  0.000000000000000D+00
  500  0.000000000000000D+00
  501  0.000000000000000D+00
  502  0.000000000000000D+00
  503  0.104290733663042D-28
  504  0.385499741441438D-23
  505  0.145602777937688D-26
  506  0.000000000000000D+00
  507  0.622018770922907D-73
  508  0.738627003685253D-28
  509  0.708729286702466D-40
  510  0.273133766209467D-05
  511  0.389183126779113D-10
  512  0.164977983492916D-14
  513  0.589455080680734D-28
  514  0.918956557389425D-13
  515  0.000000000000000D+00
  516  0.000000000000000D+00
  517  0.000000000000000D+00
  518  0.000000000000000D+00
  519  0.000000000000000D+00
  520  0.000000000000000D+00
  521  0.000000000000000D+00
  522  0.000000000000000D+00
  523  0.000000000000000D+00
  524  0.000000000000000D+00
  525  0.284011327929641D-12
  526  0.733153967847317D-15
  527  0.000000000000000D+00
  528  0.234927190304675D-21
  529  0.470848115522416D-18
  530  0.255091122673722D-24
  531  0.122433869471040D-53
  532  0.524720813139955D-96
  533  0.277913740124637D-22
  534  0.875848046496909D-20
  535  0.496417108299818D-22
  536  0.140770890653088D-34
  537  0.167541263786322D-38
  538  0.000000000000000D+00
  539  0.000000000000000D+00
  540  0.000000000000000D+00
  541  0.000000000000000D+00
  542  0.000000000000000D+00
  543  0.000000000000000D+00
  544  0.666355657077998D-04
  545  0.000000000000000D+00
  546  0.000000000000000D+00
  547  0.000000000000000D+00
  548  0.000000000000000D+00
  549  0.000000000000000D+00
  550  0.000000000000000D+00
  551  0.000000000000000D+00
  552  0.000000000000000D+00
  553  0.000000000000000D+00
  554  0.000000000000000D+00
  555  0.133115417878137D-20
  556  0.781830988153929D-30
  557  0.471407689659043D-32
  558  0.542826026245201D-37
  559  0.000000000000000D+00
  560  0.000000000000000D+00
  561  0.321337863055300D-21
  562  0.616114218175912D-25
  563  0.858229771626787D-74
  564  0.958773807721664D-18
  565  0.415014401197554D-22
  566  0.426921442704679D-34
  567  0.946740948829644D-54
  568  0.438321363020674D-10
  569  0.535887801682877D-01
  570  0.265586229469641D-03
  571  0.290577031336511D-16
  572  0.636315443051615D-31
  573  0.354254282056116D-31
  574  0.252457349980648D-34
  575  0.000000000000000D+00
  576  0.000000000000000D+00
  577  0.635728595890586D-11
  578  0.428788968129882D-15
  579  0.000000000000000D+00
  580  0.628888867127734D-25
  581  0.172984028657260D-28
  582  0.237577113557388D-95
  583  0.100129460175207D-13
  584  0.157200812270471D-16
  585  0.963102432075039D-80
  586  0.876742611744845D-14
  587  0.116591402489692D-11
  588  0.619506726943680D-17
  589  0.744062106650194D-82
  590  0.292570371675171D-29
  591  0.933651012258096D-43
  592  0.213925975303058D-45
  593  0.000000000000000D+00
  594  0.907982040408968D-30
  595  0.000000000000000D+00
  596  0.000000000000000D+00
  597  0.000000000000000D+00
  598  0.000000000000000D+00
  599  0.781621457865643D-98
  600  0.781621457865643D-98
  601  0.151641103837635D-98
  602  0.151641103837635D-98
  603  0.151641103837635D-98
  604  0.000000000000000D+00
  605  0.000000000000000D+00
  606  0.000000000000000D+00
  607  0.124014854633236D-54
  608  0.000000000000000D+00
  609  0.106628211852888D-23
  610  0.712812182166809D-29
  611  0.443421978613408D-95
  612  0.797004219338103D-12
  613  0.895497342657340D-18
  614  0.287596703572528D-67
  615  0.294867227170668D-16
  616  0.297501366929025D-19
  617  0.147026641613582D-23
  618  0.483070708455040D-24
  619  0.000000000000000D+00
  620  0.000000000000000D+00
  621  0.484436083038228D-10
  622  0.490783435499106D-01
  623  0.279814510403518D-01
  624  0.244786579375226D-01
  625  0.131910460183230D-04
  626  0.240856547246366D-95
  627  0.732908796751848D-24
  628  0.948329400749731D-25
  629  0.143042149227867D-27
  630  0.000000000000000D+00
  631  0.292341958046434D-96
  632  0.000000000000000D+00
  633  0.000000000000000D+00
  634  0.000000000000000D+00
  635  0.000000000000000D+00
  636  0.000000000000000D+00
  637  0.000000000000000D+00
  638  0.000000000000000D+00
  639  0.000000000000000D+00
  640  0.000000000000000D+00
  641  0.000000000000000D+00
  642  0.289459223380205D-62
  643  0.188563011698815D-94
  644  0.443246400727418D-19
  645  0.581922790024126D-23
  646  0.146972345531025D-94
  647  0.207354328725069D-08
  648  0.105499962690776D-10
  649  0.694151801518525D-97
  650  0.186063647334614D-10
  651  0.888084609243830D-18
  652  0.801370662212441D-35
  653  0.247903788565253D-40
  654  0.383930156065159D-73
  655  0.000000000000000D+00
  656  0.000000000000000D+00
  657  0.000000000000000D+00
  658  0.000000000000000D+00
  659  0.000000000000000D+00
  660  0.000000000000000D+00
  661  0.580558703563963D-25
  662  0.000000000000000D+00
  663  0.266963878303226D-98
  664  0.525402873718348D-43
  665  0.220175044743170D-97
  666  0.220175044743170D-97
  667  0.220175044743170D-97
  668  0.550256942645612D-98
  669  0.550256942645612D-98
  670  0.550256942645612D-98
  671  0.925750036519919D-78
  672  0.000000000000000D+00
  673  0.000000000000000D+00
  674  0.000000000000000D+00
  675  0.000000000000000D+00
  676  0.000000000000000D+00
  677  0.326961217488564D-26
  678  0.458787023705005D-24
  679  0.219281135483169D-27
  680  0.237577113557388D-95
  681  0.000000000000000D+00
  682  0.437302421162246D-12
  683  0.461459297913320D-10
  684  0.330304803581140D-15
  685  0.136669959707947D-94
  686  0.364078804799603D-71
  687  0.679940157996859D-13
  688  0.133494194480019D-11
  689  0.793315022696564D-17
  690  0.122038320256031D-85
  691  0.240822157400358D-95
  692  0.146106314354161D-17
  693  0.433499255252939D-19
  694  0.556025410845478D-20
  695  0.145772411996505D-54
  696  0.104941949024618D-23
  697  0.000000000000000D+00
  698  0.118768339111359D-15
  699  0.882062138148656D-02
  700  0.281654203069785D-02
  701  0.105176909499775D-04
  702  0.105483871944856D-31
  703  0.347900015464056D-06
  704  0.208173709697741D-08
  705  0.106992950602487D-95
  706  0.910350847358086D-24
  707  0.306579456843502D-24
  708  0.102181060455487D-28
  709  0.000000000000000D+00
  710  0.119973124855309D-87
  711  0.112735537827042D-19
  712  0.484928839525285D-24
  713  0.000000000000000D+00
  714  0.202328503155042D-08
  715  0.996002198038949D-14
  716  0.250229746495939D-38
  717  0.641753813382258D-10
  718  0.968199785027985D-17
  719  0.135371756884732D-13
  720  0.180712253386097D-14
  721  0.341422127321722D-47
  722  0.521374765937979D-20
  723  0.120196024334776D-35
  724  0.360190235543255D-42
  725  0.000000000000000D+00
  726  0.978794761330879D-41
  727  0.000000000000000D+00
  728  0.501366481603226D-98
  729  0.112293684210242D-97
  730  0.501366481603226D-98
  731  0.580141994969938D-98
  732  0.580141994969938D-98
  733  0.580141994969938D-98
  734  0.000000000000000D+00
  735  0.000000000000000D+00
  736  0.000000000000000D+00
  737  0.000000000000000D+00
  738  0.000000000000000D+00
  739  0.000000000000000D+00
  740  0.000000000000000D+00
  741  0.000000000000000D+00
  742  0.000000000000000D+00
  743  0.000000000000000D+00
  744  0.000000000000000D+00
  745  0.000000000000000D+00
  746  0.217514436985791D-14
  747  0.448092684572733D-13
  748  0.775216096004999D-17
  749  0.418927640447147D-83
  750  0.718255190769536D-95
  751  0.269777075338635D-17
  752  0.224090001034936D-16
  753  0.244658531944198D-20
  754  0.448541653119732D-59
  755  0.106992950381262D-95
  756  0.313569158620568D-22
  757  0.000000000000000D+00
  758  0.216316523325065D-49
  759  0.502561060265197D-02
  760  0.503632650629073D-02
  761  0.164094642111315D-05
  762  0.203674200368156D-71
  763  0.144430304873393D-05
  764  0.177188799960517D-09
  765  0.121377308488491D-97
  766  0.137169654948639D-21
  767  0.127719938667635D-23
  768  0.919972121520344D-27
  769  0.000000000000000D+00
  770  0.216971908115277D-96
  771  0.168795806518571D-30
  772  0.465725305823263D-32
  773  0.801911503277916D-35
  774  0.000000000000000D+00
  775  0.000000000000000D+00
  776  0.000000000000000D+00
  777  0.000000000000000D+00
  778  0.000000000000000D+00
  779  0.000000000000000D+00
  780  0.000000000000000D+00
  781  0.230163927078298D-10
  782  0.199546026274647D-17
  783  0.666255016208059D-97
  784  0.796524153934443D-14
  785  0.182732445998713D-18
  786  0.205606452312991D-59
  787  0.675192686212323D-21
  788  0.102589048558437D-21
  789  0.260845485416281D-54
  790  0.361057476353743D-38
  791  0.638859184969421D-41
  792  0.595414866853504D-41
  793  0.000000000000000D+00
  794  0.616960569130143D-43
  795  0.267296441549558D-46
  796  0.699958124616007D-50
  797  0.000000000000000D+00
  798  0.000000000000000D+00
  799  0.000000000000000D+00
  800  0.000000000000000D+00
  801  0.264169255200260D-11
  802  0.000000000000000D+00
  803  0.000000000000000D+00
  804  0.000000000000000D+00
  805  0.000000000000000D+00
  806  0.000000000000000D+00
  807  0.000000000000000D+00
  808  0.000000000000000D+00
  809  0.000000000000000D+00
  810  0.000000000000000D+00
  811  0.000000000000000D+00
  812  0.000000000000000D+00
  813  0.000000000000000D+00
  814  0.000000000000000D+00
  815  0.000000000000000D+00
  816  0.378163165387636D-13
  817  0.100980987980013D-13
  818  0.278247094134041D-19
  819  0.000000000000000D+00
  820  0.510407954774572D-95
  821  0.169155571089609D-16
  822  0.388291739457945D-17
  823  0.115607447671770D-21
  824  0.000000000000000D+00
  825  0.121377308488491D-97
  826  0.101864015012166D-18
  827  0.134042109680300D-24
  828  0.804257335371060D-22
  829  0.120239773895706D-23
  830  0.995647330737637D-20
  831  0.219188096207385D-08
  832  0.143723921134839D-07
  833  0.483579713851379D-04
  834  0.248612554792523D-06
  835  0.543220081322824D-04
  836  0.151793842622543D-19
  837  0.247708813432203D-24
  838  0.000000000000000D+00
  839  0.102836380991888D-14
  840  0.123557016512700D-18
  841  0.937121600029421D-84
  842  0.151155856429571D-16
  843  0.116044094346099D-19
  844  0.287703099840069D-69
  845  0.877871764711662D-18
  846  0.920751767480830D-24
  847  0.885821233700256D-25
  848  0.000000000000000D+00
  849  0.319072634515429D-17
  850  0.235318241785675D-37
  851  0.105129376369393D-39
  852  0.000000000000000D+00
  853  0.248903064792309D-94
  854  0.000000000000000D+00
  855  0.000000000000000D+00
  856  0.000000000000000D+00
  857  0.497723625821876D-96
  858  0.000000000000000D+00
  859  0.000000000000000D+00
  860  0.000000000000000D+00
  861  0.000000000000000D+00
  862  0.000000000000000D+00
  863  0.000000000000000D+00
  864  0.000000000000000D+00
  865  0.000000000000000D+00
  866  0.000000000000000D+00
  867  0.000000000000000D+00
  868  0.000000000000000D+00
  869  0.000000000000000D+00
  870  0.985695586062242D-27
  871  0.219231166911072D-25
  872  0.466102807419052D-29
  873  0.000000000000000D+00
  874  0.000000000000000D+00
  875  0.856102819688596D-25
  876  0.383792595757891D-27
  877  0.945335595593462D-29
  878  0.584703360419111D-97
  879  0.494433741010999D-96
  880  0.503572728410129D-18
  881  0.555251513341758D-20
  882  0.622503487387527D-22
  883  0.000000000000000D+00
  884  0.288374015370442D-61
  885  0.856739734405553D-21
  886  0.424337829606104D-20
  887  0.204986482713660D-21
  888  0.495506439904866D-82
  889  0.322774355648939D-49
  890  0.409452646612552D-20
  891  0.127771111365498D-33
  892  0.179596858911034D-45
  893  0.858117113579795D-12
  894  0.143699729729315D-07
  895  0.481734518953536D-04
  896  0.483543766573680D-04
  897  0.613160950676762D-04
  898  0.417486893398906D-04
  899  0.152343414863762D-60
  900  0.616964613121246D-20
  901  0.145722562217496D-22
  902  0.572662014031175D-23
  903  0.000000000000000D+00
  904  0.184088781049186D-64
  905  0.263985345797141D-30
  906  0.106310493872591D-30
  907  0.216960014694340D-33
  908  0.000000000000000D+00
  909  0.122774558510938D-89
  910  0.000000000000000D+00
  911  0.000000000000000D+00
  912  0.000000000000000D+00
  913  0.000000000000000D+00
  914  0.000000000000000D+00
  915  0.345796132379464D-28
  916  0.504054992046168D-36
  917  0.138203676509530D-98
  918  0.699159088105321D-28
  919  0.314075472282582D-33
  920  0.106652331899389D-98
  921  0.119144294289462D-19
  922  0.124896031541602D-26
  923  0.000000000000000D+00
  924  0.204468768300967D-23
  925  0.108159186128948D-97
  926  0.283017415316336D-20
  927  0.155504904113083D-20
  928  0.784729841665354D-64
  929  0.206752847348542D-35
  930  0.225726435854057D-40
  931  0.446757708205643D-40
  932  0.000000000000000D+00
  933  0.495477587989253D-69
  934  0.380257371163355D-49
  935  0.251649542108989D-50
  936  0.000000000000000D+00
  937  0.000000000000000D+00
  938  0.000000000000000D+00
  939  0.000000000000000D+00
  940  0.219101659119311D-08
  941  0.000000000000000D+00
  942  0.279718884660621D-66
  943  0.000000000000000D+00
  944  0.577560804792826D-63
  945  0.000000000000000D+00
  946  0.000000000000000D+00
  947  0.000000000000000D+00
  948  0.000000000000000D+00
  949  0.000000000000000D+00
  950  0.000000000000000D+00
  951  0.000000000000000D+00
  952  0.000000000000000D+00
  953  0.000000000000000D+00
  954  0.000000000000000D+00
  955  0.000000000000000D+00
  956  0.000000000000000D+00
  957  0.000000000000000D+00
  958  0.000000000000000D+00
  959  0.280771600608344D-24
  960  0.485818842713235D-25
  961  0.596201308346980D-28
  962  0.000000000000000D+00
  963  0.000000000000000D+00
  964  0.430614245227305D-21
  965  0.869808314920267D-22
  966  0.236715809370556D-25
  967  0.000000000000000D+00
  968  0.591970135652219D-97
  969  0.697746604132791D-17
  970  0.115502075669547D-15
  971  0.372167259885989D-18
  972  0.000000000000000D+00
  973  0.133752916592845D-82
  974  0.615954513108476D-16
  975  0.251273747562924D-16
  976  0.109634124712674D-18
  977  0.000000000000000D+00
  978  0.226956660933513D-97
  979  0.247571277928801D-19
  980  0.285096762799942D-29
  981  0.392221947081151D-19
  982  0.893064654195825D-17
  983  0.258393464562919D-21
  984  0.838954053118165D-09
  985  0.160949598398523D-08
  986  0.350562806025462D-07
  987  0.505555869332269D-04
  988  0.164257056426303D-05
  989  0.521239950113996D-21
  990  0.146498404063710D-23
  991  0.247483539505452D-74
  992  0.807311589481959D-28
  993  0.717237450850743D-33
  994  0.000000000000000D+00
  995  0.684184909587392D-25
  996  0.174979446842290D-31
  997  0.000000000000000D+00
  998  0.264308152901621D-19
  999  0.865012291254892D-25
 1000  0.126664716862659D-97
 1001  0.365767081294350D-22
 1002  0.192323700245417D-23
 1003  0.298727399610848D-19
 1004  0.232290849440941D-25
 1005  0.000000000000000D+00
 1006  0.317664511026423D-25
 1007  0.390086012230605D-24
 1008  0.451339006244094D-47
 1009  0.347754831168693D-36
 1010  0.159604932623687D-40
 1011  0.000000000000000D+00
 1012  0.223206579399962D-70
 1013  0.000000000000000D+00
 1014  0.102058962671470D-79
 1015  0.000000000000000D+00
 1016  0.000000000000000D+00
 1017  0.000000000000000D+00
 1018  0.000000000000000D+00
 1019  0.000000000000000D+00
 1020  0.000000000000000D+00
 1021  0.000000000000000D+00
 1022  0.000000000000000D+00
 1023  0.000000000000000D+00
 1024  0.000000000000000D+00
 1025  0.000000000000000D+00
 1026  0.000000000000000D+00
 1027  0.000000000000000D+00
 1028  0.000000000000000D+00
 1029  0.000000000000000D+00
 1030  0.000000000000000D+00
 1031  0.000000000000000D+00
 1032  0.000000000000000D+00
 1033  0.272161049602780D-28
 1034  0.228037682320322D-28
 1035  0.152872271241319D-31
 1036  0.138203676509530D-98
 1037  0.000000000000000D+00
 1038  0.915181708795071D-21
 1039  0.417766790824356D-22
 1040  0.257526064407457D-26
 1041  0.106652331899389D-98
 1042  0.000000000000000D+00
 1043  0.412545440445365D-16
 1044  0.582497089649260D-19
 1045  0.403454325438191D-22
 1046  0.000000000000000D+00
 1047  0.000000000000000D+00
 1048  0.171122510971825D-15
 1049  0.108788476006206D-19
 1050  0.321031201057646D-98
 1051  0.680692444469311D-49
 1052  0.207447973723361D-19
 1053  0.473259033322636D-31
 1054  0.484803749364957D-45
 1055  0.448593496768046D-09
 1056  0.399507669113311D-09
 1057  0.382705673544646D-05
 1058  0.329896897918042D-07
 1059  0.296183424758048D-04
 1060  0.461938992660580D-49
 1061  0.162467317490005D-19
 1062  0.791410165843480D-24
 1063  0.220021621503934D-21
 1064  0.000000000000000D+00
 1065  0.487072638371990D-42
 1066  0.602936019933598D-29
 1067  0.157668306980303D-32
 1068  0.100531845728310D-33
 1069  0.948658091883279D-98
 1070  0.246492264970079D-79
 1071  0.000000000000000D+00
 1072  0.000000000000000D+00
 1073  0.000000000000000D+00
 1074  0.000000000000000D+00
 1075  0.000000000000000D+00
 1076  0.687937259072500D-32
 1077  0.199295318335504D-39
 1078  0.000000000000000D+00
 1079  0.580663142588246D-27
 1080  0.337879988923777D-33
 1081  0.000000000000000D+00
 1082  0.166327025671629D-24
 1083  0.289176858021215D-29
 1084  0.150792457809857D-98
 1085  0.526054089108402D-22
 1086  0.497797007445083D-26
 1087  0.540286974745775D-97
 1088  0.436045881713041D-21
 1089  0.465808954880786D-25
 1090  0.334683240525526D-77
 1091  0.606722734784552D-35
 1092  0.918902907962693D-38
 1093  0.174539082976426D-39
 1094  0.108208327037130D-91
 1095  0.963419069852155D-68
 1096  0.373603652691709D-48
 1097  0.444091495817258D-51
 1098  0.704766601511005D-70
 1099  0.000000000000000D+00
 1100  0.000000000000000D+00
 1101  0.000000000000000D+00
 1102  0.838870783603372D-09
 1103  0.000000000000000D+00
 1104  0.303612836736819D-12
 1105  0.000000000000000D+00
 1106  0.000000000000000D+00
 1107  0.271797700776579D-52
 1108  0.000000000000000D+00
 1109  0.000000000000000D+00
 1110  0.547139141671810D-52
 1111  0.000000000000000D+00
 1112  0.000000000000000D+00
 1113  0.000000000000000D+00
 1114  0.000000000000000D+00
 1115  0.000000000000000D+00
 1116  0.000000000000000D+00
 1117  0.000000000000000D+00
 1118  0.000000000000000D+00
 1119  0.000000000000000D+00
 1120  0.000000000000000D+00
 1121  0.871358691063104D-22
 1122  0.155570045426601D-22
 1123  0.287337131102584D-25
 1124  0.000000000000000D+00
 1125  0.000000000000000D+00
 1126  0.330121707378829D-21
 1127  0.147029034037755D-23
 1128  0.697051788341870D-27
 1129  0.413006151537069D-98
 1130  0.000000000000000D+00
 1131  0.837719608043636D-19
 1132  0.851454241896042D-20
 1133  0.180765966928264D-98
 1134  0.139435820645106D-17
 1135  0.586693023695283D-16
 1136  0.968453743825218D-20
 1137  0.185710729283977D-98
 1138  0.000000000000000D+00
 1139  0.104087175404186D-17
 1140  0.345476101679359D-19
 1141  0.452854866808598D-19
 1142  0.459734640844017D-09
 1143  0.297216434637215D-05
 1144  0.187924193449300D-04
 1145  0.898027480145176D-05
 1146  0.101192641481893D-04
 1147  0.210970083940631D-07
 1148  0.470109751612472D-19
 1149  0.411334369940464D-21
 1150  0.664805693211422D-46
 1151  0.489522094365190D-29
 1152  0.771249096396541D-32
 1153  0.000000000000000D+00
 1154  0.354300590261271D-30
 1155  0.458288909009001D-34
 1156  0.000000000000000D+00
 1157  0.722113416706922D-24
 1158  0.120206042032049D-30
 1159  0.000000000000000D+00
 1160  0.238418315486127D-23
 1161  0.870162347483566D-28
 1162  0.119573755382791D-95
 1163  0.515166393852273D-24
 1164  0.644848427463854D-25
 1165  0.158535823332660D-24
 1166  0.923444109288218D-39
 1167  0.411741917539069D-39
 1168  0.497485390099762D-79
 1169  0.150353108411830D-85
 1170  0.000000000000000D+00
 1171  0.000000000000000D+00
 1172  0.953256002064430D-92
 1173  0.000000000000000D+00
 1174  0.000000000000000D+00
 1175  0.000000000000000D+00
 1176  0.000000000000000D+00
 1177  0.000000000000000D+00
 1178  0.000000000000000D+00
 1179  0.000000000000000D+00
 1180  0.000000000000000D+00
 1181  0.000000000000000D+00
 1182  0.000000000000000D+00
 1183  0.000000000000000D+00
 1184  0.000000000000000D+00
 1185  0.000000000000000D+00
 1186  0.000000000000000D+00
 1187  0.000000000000000D+00
 1188  0.000000000000000D+00
 1189  0.000000000000000D+00
 1190  0.000000000000000D+00
 1191  0.212690173761036D-24
 1192  0.550796502946524D-27
 1193  0.226340271925436D-29
 1194  0.000000000000000D+00
 1195  0.000000000000000D+00
 1196  0.209582241204185D-14
 1197  0.939592097326816D-19
 1198  0.505810786497279D-21
 1199  0.150792457809857D-98
 1200  0.000000000000000D+00
 1201  0.500189870644275D-17
 1202  0.155927171528680D-18
 1203  0.151619815304709D-20
 1204  0.540286974745775D-97
 1205  0.000000000000000D+00
 1206  0.105649584543335D-15
 1207  0.307320420153571D-22
 1208  0.122502033954912D-98
 1209  0.859811466534762D-17
 1210  0.230950227502902D-19
 1211  0.325382599736842D-20
 1212  0.202347450663079D-98
 1213  0.415324856978301D-63
 1214  0.173803279576048D-19
 1215  0.124361868186333D-33
 1216  0.377655664877997D-38
 1217  0.250792342898184D-52
 1218  0.102235084243323D-60
 1219  0.102357887321136D-11
 1220  0.823477475263851D-12
 1221  0.290949776780263D-05
 1222  0.482846133912193D-06
 1223  0.789178592385934D-05
 1224  0.132051335471212D-06
 1225  0.466772242226089D-05
 1226  0.554712250639501D-54
 1227  0.463371261039383D-20
 1228  0.221568769804704D-21
 1229  0.239134780164873D-20
 1230  0.171044728670660D-51
 1231  0.659402161897156D-70
 1232  0.452357957234262D-22
 1233  0.384006071013760D-21
 1234  0.295804084039475D-80
 1235  0.515102063063567D-36
 1236  0.446391482683532D-39
 1237  0.661865098693800D-42
 1238  0.000000000000000D+00
 1239  0.000000000000000D+00
 1240  0.621439471330985D-46
 1241  0.315173443566977D-50
 1242  0.000000000000000D+00
 1243  0.000000000000000D+00
 1244  0.000000000000000D+00
 1245  0.000000000000000D+00
 1246  0.177819991124016D-33
 1247  0.203574481974439D-39
 1248  0.000000000000000D+00
 1249  0.124872137005054D-26
 1250  0.552266529419918D-34
 1251  0.000000000000000D+00
 1252  0.428899801809986D-26
 1253  0.295516604079689D-32
 1254  0.000000000000000D+00
 1255  0.312064218554815D-25
 1256  0.119914282023789D-29
 1257  0.106565758081643D-97
 1258  0.175102206068560D-24
 1259  0.143255493689991D-30
 1260  0.350210257918411D-62
 1261  0.163849817791902D-24
 1262  0.129420967814712D-28
 1263  0.902383161503927D-39
 1264  0.366421928310372D-39
 1265  0.462177907959074D-43
 1266  0.131044515351819D-58
 1267  0.278094806844235D-62
 1268  0.877039976049147D-90
 1269  0.138552863156894D-65
 1270  0.000000000000000D+00
 1271  0.000000000000000D+00
 1272  0.000000000000000D+00
 1273  0.438327913183542D-09
 1274  0.000000000000000D+00
 1275  0.000000000000000D+00
 1276  0.184413467345624D-21
 1277  0.000000000000000D+00
 1278  0.000000000000000D+00
 1279  0.585869819900323D-52
 1280  0.000000000000000D+00
 1281  0.000000000000000D+00
 1282  0.369206895290562D-69
 1283  0.000000000000000D+00
 1284  0.000000000000000D+00
 1285  0.000000000000000D+00
 1286  0.000000000000000D+00
 1287  0.000000000000000D+00
 1288  0.000000000000000D+00
 1289  0.000000000000000D+00
 1290  0.000000000000000D+00
 1291  0.000000000000000D+00
 1292  0.000000000000000D+00
 1293  0.000000000000000D+00
 1294  0.000000000000000D+00
 1295  0.000000000000000D+00
 1296  0.000000000000000D+00
 1297  0.000000000000000D+00
 1298  0.351804483291017D-27
 1299  0.557266219626607D-27
 1300  0.348372663331552D-31
 1301  0.000000000000000D+00
 1302  0.000000000000000D+00
 1303  0.365768833309243D-25
 1304  0.299723457453325D-27
 1305  0.593857925695449D-29
 1306  0.000000000000000D+00
 1307  0.000000000000000D+00
 1308  0.101269129374849D-19
 1309  0.229370605052523D-19
 1310  0.232638191338411D-22
 1311  0.000000000000000D+00
 1312  0.000000000000000D+00
 1313  0.629668908281672D-18
 1314  0.332727915292368D-19
 1315  0.337754424726653D-22
 1316  0.158752227497108D-98
 1317  0.897857669974611D-98
 1318  0.158765953341191D-16
 1319  0.219254796533596D-16
 1320  0.153380216163232D-20
 1321  0.363959329727029D-98
 1322  0.222729007586835D-97
 1323  0.811326896831166D-23
 1324  0.378999498140486D-18
 1325  0.397753104347570D-40
 1326  0.121522941202943D-21
 1327  0.751964100365448D-20
 1328  0.362978534156318D-20
 1329  0.885132663029275D-26
 1330  0.506546409232297D-82
 1331  0.578941822268470D-21
 1332  0.372526122702952D-31
 1333  0.168850384526782D-42
 1334  0.000000000000000D+00
 1335  0.897852562163062D-15
 1336  0.453906181707786D-10
 1337  0.100677886309156D-08
 1338  0.386302716597913D-08
 1339  0.205906032274133D-07
 1340  0.152935442232822D-06
 1341  0.264145768472443D-30
 1342  0.405991649552672D-19
 1343  0.559054514170963D-42
 1344  0.236506598942985D-36
 1345  0.188221140789234D-27
 1346  0.985477048203929D-46
 1347  0.000000000000000D+00
 1348  0.000000000000000D+00
 1349  0.000000000000000D+00
 1350  0.000000000000000D+00
 1351  0.000000000000000D+00
 1352  0.155625592986462D-37
 1353  0.000000000000000D+00
 1354  0.133918870829077D-34
 1355  0.833819093281842D-42
 1356  0.000000000000000D+00
 1357  0.123426032580297D-28
 1358  0.833737466215136D-35
 1359  0.000000000000000D+00
 1360  0.119829613991221D-30
 1361  0.129181253964189D-33
 1362  0.482116998512870D-83
 1363  0.996298422039446D-28
 1364  0.405478971088609D-29
 1365  0.727531162101004D-42
 1366  0.582502919657338D-27
 1367  0.374682480762030D-28
 1368  0.198140896255798D-28
 1369  0.399139766891075D-41
 1370  0.610353503386525D-40
 1371  0.105984370093007D-56
 1372  0.442672533841166D-50
 1373  0.000000000000000D+00
 1374  0.000000000000000D+00
 1375  0.000000000000000D+00
 1376  0.369562350387671D-39
 1377  0.000000000000000D+00
 1378  0.913643816327802D-75
 1379  0.000000000000000D+00
 1380  0.000000000000000D+00
 1381  0.216543283555401D-82
 1382  0.000000000000000D+00
 1383  0.000000000000000D+00
 1384  0.000000000000000D+00
 1385  0.000000000000000D+00
 1386  0.000000000000000D+00
 1387  0.000000000000000D+00
 1388  0.000000000000000D+00
 1389  0.000000000000000D+00
 1390  0.000000000000000D+00
 1391  0.000000000000000D+00
 1392  0.000000000000000D+00
 1393  0.000000000000000D+00
 1394  0.000000000000000D+00
 1395  0.000000000000000D+00
 1396  0.000000000000000D+00
 1397  0.000000000000000D+00
 1398  0.000000000000000D+00
 1399  0.000000000000000D+00
 1400  0.000000000000000D+00
 1401  0.000000000000000D+00
 1402  0.000000000000000D+00
 1403  0.000000000000000D+00
 1404  0.000000000000000D+00
 1405  0.000000000000000D+00
 1406  0.000000000000000D+00
 1407  0.000000000000000D+00
 1408  0.000000000000000D+00
 1409  0.000000000000000D+00
 1410  0.454335337296664D-34
 1411  0.871945444188698D-34
 1412  0.308841268031578D-36
 1413  0.000000000000000D+00
 1414  0.000000000000000D+00
 1415  0.522461099608061D-23
 1416  0.472554050369389D-23
 1417  0.271465677712661D-26
 1418  0.000000000000000D+00
 1419  0.000000000000000D+00
 1420  0.647339607642110D-21
 1421  0.429818690160337D-24
 1422  0.208925505420664D-24
 1423  0.106565758081643D-97
 1424  0.000000000000000D+00
 1425  0.151619553391950D-19
 1426  0.565006112409160D-22
 1427  0.965959218032032D-26
 1428  0.000000000000000D+00
 1429  0.000000000000000D+00
 1430  0.790942386229579D-19
 1431  0.641921363478899D-19
 1432  0.916386775322911D-24
 1433  0.000000000000000D+00
 1434  0.150767544086641D-98
 1435  0.194487496948337D-18
 1436  0.146183173017386D-28
 1437  0.184652580819707D-19
 1438  0.216313818833679D-21
 1439  0.436849248660141D-43
 1440  0.826566386088847D-29
 1441  0.401926154344301D-33
 1442  0.194257085698553D-31
 1443  0.740780607962528D-60
 1444  0.121238432585735D-73
 1445  0.380568826735927D-21
 1446  0.609175107623324D-48
 1447  0.867694238055487D-35
 1448  0.345962828217035D-67
 1449  0.491782446268790D-46
 1450  0.405870423223588D-19
 1451  0.716348910845366D-14
 1452  0.972633396440881D-11
 1453  0.496029240465891D-11
 1454  0.172572465911567D-09
 1455  0.144115262965050D-07
 1456  0.457088073440460D-55
 1457  0.213706639253541D-21
 1458  0.315771291107067D-19
 1459  0.384534303827665D-58
 1460  0.720498447354388D-08
 1461  0.816466536125089D-09
 1462  0.178655482927172D-82
 1463  0.393816427644225D-21
 1464  0.137790786056653D-23
 1465  0.127500457335131D-26
 1466  0.000000000000000D+00
 1467  0.000000000000000D+00
 1468  0.464148005189150D-33
 1469  0.554975052858066D-35
 1470  0.348473623132575D-36
 1471  0.000000000000000D+00
 1472  0.000000000000000D+00
 1473  0.000000000000000D+00
 1474  0.000000000000000D+00
 1475  0.000000000000000D+00
 1476  0.000000000000000D+00
 1477  0.000000000000000D+00
 1478  0.000000000000000D+00
 1479  0.000000000000000D+00
 1480  0.392554746602388D-47
 1481  0.350637054718016D-48
 1482  0.000000000000000D+00
 1483  0.245770984620089D-35
 1484  0.120487480913515D-40
 1485  0.000000000000000D+00
 1486  0.419655033982144D-33
 1487  0.256614355507928D-40
 1488  0.000000000000000D+00
 1489  0.835604638011321D-32
 1490  0.878137957877449D-38
 1491  0.000000000000000D+00
 1492  0.393529522422839D-33
 1493  0.695799939025223D-35
 1494  0.634947580059609D-71
 1495  0.128556969047018D-31
 1496  0.802555796337232D-30
 1497  0.363071414464603D-50
 1498  0.427735351516389D-44
 1499  0.218348311768424D-32
 1500  0.113400206697268D-45
 1501  0.473444505978319D-47
 1502  0.212213708049018D-57
 1503  0.182263279037803D-58
 1504  0.000000000000000D+00
 1505  0.000000000000000D+00
 1506  0.000000000000000D+00
 1507  0.000000000000000D+00
 1508  0.000000000000000D+00
 1509  0.868237674638938D-15
 1510  0.000000000000000D+00
 1511  0.000000000000000D+00
 1512  0.219794210490447D-16
 1513  0.000000000000000D+00
 1514  0.000000000000000D+00
 1515  0.189219472011720D-47
 1516  0.000000000000000D+00
 1517  0.000000000000000D+00
 1518  0.821264991072839D-64
 1519  0.000000000000000D+00
 1520  0.000000000000000D+00
 1521  0.000000000000000D+00
 1522  0.000000000000000D+00
 1523  0.000000000000000D+00
 1524  0.000000000000000D+00
 1525  0.000000000000000D+00
 1526  0.000000000000000D+00
 1527  0.000000000000000D+00
 1528  0.000000000000000D+00
 1529  0.000000000000000D+00
 1530  0.000000000000000D+00
 1531  0.000000000000000D+00
 1532  0.000000000000000D+00
 1533  0.000000000000000D+00
 1534  0.000000000000000D+00
 1535  0.000000000000000D+00
 1536  0.000000000000000D+00
 1537  0.000000000000000D+00
 1538  0.000000000000000D+00
 1539  0.211524520904913D-32
 1540  0.135009053934249D-32
 1541  0.246037337980216D-36
 1542  0.000000000000000D+00
 1543  0.000000000000000D+00
 1544  0.199693128316235D-26
 1545  0.391053711600395D-27
 1546  0.163792269877866D-30
 1547  0.000000000000000D+00
 1548  0.000000000000000D+00
 1549  0.177811083559993D-21
 1550  0.200562360466886D-21
 1551  0.211152236025840D-26
 1552  0.000000000000000D+00
 1553  0.000000000000000D+00
 1554  0.784638089149852D-22
 1555  0.332923024286373D-23
 1556  0.622938269597062D-25
 1557  0.000000000000000D+00
 1558  0.430440257559172D-98
 1559  0.484515063425642D-28
 1560  0.309291673892395D-20
 1561  0.683198896625132D-19
 1562  0.293661768912764D-20
 1563  0.396082848967223D-49
 1564  0.396340188772491D-17
 1565  0.413524572760973D-18
 1566  0.658318403467068D-20
 1567  0.239970788025979D-34
 1568  0.000000000000000D+00
 1569  0.250792732997650D-19
 1570  0.916972060763480D-33
 1571  0.102033302262768D-31
 1572  0.498893865873615D-93
 1573  0.406420513256950D-35
 1574  0.490115400442821D-37
 1575  0.420226968323755D-19
 1576  0.162769104136007D-12
 1577  0.814728535377651D-06
 1578  0.146009150313725D-06
 1579  0.987055284854833D-09
 1580  0.213404305710795D-29
 1581  0.225037866534921D-19
 1582  0.251962099880765D-59
 1583  0.233916202984478D-26
 1584  0.137666871470598D-21
 1585  0.987093149516153D-54
 1586  0.600801657163085D-35
 1587  0.158149612159973D-41
 1588  0.160194684612552D-34
 1589  0.929135441944681D-76
 1590  0.934411577848516D-71
 1591  0.358752696390352D-46
 1592  0.160966974396844D-49
 1593  0.000000000000000D+00
 1594  0.513821705701912D-39
 1595  0.112355508403599D-44
 1596  0.000000000000000D+00
 1597  0.111479928679424D-36
 1598  0.174355130327377D-40
 1599  0.181798187350279D-69
 1600  0.155788027901809D-38
 1601  0.343092148003904D-39
 1602  0.441430320805808D-55
 1603  0.112362051704984D-33
 1604  0.542382779895070D-33
 1605  0.129191056424561D-31
 1606  0.578587888140130D-45
 1607  0.330194018513506D-44
 1608  0.253629929548942D-57
 1609  0.921266536832522D-62
 1610  0.000000000000000D+00
 1611  0.182661996595274D-83
 1612  0.000000000000000D+00
 1613  0.000000000000000D+00
 1614  0.581067270734073D-97
 1615  0.000000000000000D+00
 1616  0.000000000000000D+00
 1617  0.000000000000000D+00
 1618  0.000000000000000D+00
 1619  0.000000000000000D+00
 1620  0.000000000000000D+00
 1621  0.000000000000000D+00
 1622  0.000000000000000D+00
 1623  0.000000000000000D+00
 1624  0.000000000000000D+00
 1625  0.000000000000000D+00
 1626  0.000000000000000D+00
 1627  0.000000000000000D+00
 1628  0.000000000000000D+00
 1629  0.000000000000000D+00
 1630  0.000000000000000D+00
 1631  0.000000000000000D+00
 1632  0.000000000000000D+00
 1633  0.000000000000000D+00
 1634  0.000000000000000D+00
 1635  0.000000000000000D+00
 1636  0.000000000000000D+00
 1637  0.000000000000000D+00
 1638  0.000000000000000D+00
 1639  0.000000000000000D+00
 1640  0.951401192110816D-53
 1641  0.111135615448000D-54
 1642  0.754646196680223D-59
 1643  0.000000000000000D+00
 1644  0.000000000000000D+00
 1645  0.253231857339991D-31
 1646  0.340125055740003D-31
 1647  0.164886296357555D-36
 1648  0.000000000000000D+00
 1649  0.000000000000000D+00
 1650  0.112871675305074D-24
 1651  0.298571764257450D-25
 1652  0.208020829351955D-28
 1653  0.000000000000000D+00
 1654  0.000000000000000D+00
 1655  0.136891848524243D-14
 1656  0.734630704939957D-17
 1657  0.731835691306727D-22
 1658  0.000000000000000D+00
 1659  0.000000000000000D+00
 1660  0.227052818948988D-17
 1661  0.311336362508103D-16
 1662  0.104629159364026D-20
 1663  0.000000000000000D+00
 1664  0.000000000000000D+00
 1665  0.780127279334365D-27
 1666  0.346857821761949D-27
 1667  0.812502539102480D-20
 1668  0.258330760937114D-21
 1669  0.132588109054147D-51
 1670  0.193753353184055D-21
 1671  0.107776312889079D-21
 1672  0.383906004690004D-21
 1673  0.643076689771547D-65
 1674  0.524538884355513D-92
 1675  0.984835248892399D-21
 1676  0.115924701596504D-55
 1677  0.861192512573311D-34
 1678  0.221149376092975D-55
 1679  0.634380062969504D-47
 1680  0.000000000000000D+00
 1681  0.506310847387540D-66
 1682  0.000000000000000D+00
 1683  0.938441291607818D-89
 1684  0.156734760856617D-24
 1685  0.335252618448219D-16
 1686  0.358223224124208D-07
 1687  0.116834609519125D-08
 1688  0.105695911001000D-13
 1689  0.827678343530736D-09
 1690  0.201059279369744D-45
 1691  0.477055791778172D-10
 1692  0.370187924187060D-13
 1693  0.971482450519707D-12
 1694  0.760221143281393D-42
 1695  0.415708321254839D-67
 1696  0.413312247405029D-10
 1697  0.691748732960687D-09
 1698  0.000000000000000D+00
 1699  0.111966000123740D-23
 1700  0.306648654697498D-26
 1701  0.266424955226760D-25
 1702  0.000000000000000D+00
 1703  0.000000000000000D+00
 1704  0.170922912831035D-33
 1705  0.752632095278402D-37
 1706  0.282944393066863D-37
 1707  0.261633974190536D-60
 1708  0.000000000000000D+00
 1709  0.000000000000000D+00
 1710  0.000000000000000D+00
 1711  0.000000000000000D+00
 1712  0.000000000000000D+00
 1713  0.100169787644079D-97
 1714  0.618807784514934D-55
 1715  0.539261352404856D-57
 1716  0.000000000000000D+00
 1717  0.000000000000000D+00
 1718  0.000000000000000D+00
 1719  0.000000000000000D+00
 1720  0.119283706383090D-74
 1721  0.125369440321560D-79
 1722  0.000000000000000D+00
 1723  0.000000000000000D+00
 1724  0.000000000000000D+00
 1725  0.330549998701694D-68
 1726  0.000000000000000D+00
 1727  0.104371557089103D-46
 1728  0.000000000000000D+00
 1729  0.142876803023286D-39
 1730  0.521609215980188D-47
 1731  0.000000000000000D+00
 1732  0.309228119067591D-33
 1733  0.171313355458439D-38
 1734  0.000000000000000D+00
 1735  0.165590698390308D-33
 1736  0.183766677130883D-35
 1737  0.819783585552196D-74
 1738  0.100978533677341D-32
 1739  0.138847363722430D-38
 1740  0.129469636223010D-35
 1741  0.502305536564757D-36
 1742  0.264850028236674D-36
 1743  0.294058739619850D-35
 1744  0.205368079595997D-59
 1745  0.839736558487308D-48
 1746  0.285585337530241D-49
 1747  0.601180757538656D-51
 1748  0.143316401661628D-68
 1749  0.742974204937706D-71
 1750  0.320985463919435D-58
 1751  0.202206818998672D-59
 1752  0.233842341211089D-76
 1753  0.000000000000000D+00
 1754  0.000000000000000D+00
 1755  0.000000000000000D+00
 1756  0.000000000000000D+00
 1757  0.120630945022995D-93
 1758  0.850354273911268D-79
 1759  0.648320373250961D-80
 1760  0.106408585148520D-81
 1761  0.000000000000000D+00
 1762  0.000000000000000D+00
 1763  0.000000000000000D+00
 1764  0.000000000000000D+00
 1765  0.000000000000000D+00
 1766  0.167150999862390D-98
 1767  0.000000000000000D+00
 1768  0.489884954096176D-37
 1769  0.000000000000000D+00
 1770  0.000000000000000D+00
 1771  0.362010575693602D-25
 1772  0.000000000000000D+00
 1773  0.000000000000000D+00
 1774  0.131588699057996D-50
 1775  0.000000000000000D+00
 1776  0.000000000000000D+00
 1777  0.134974496911098D-47
 1778  0.000000000000000D+00
 1779  0.000000000000000D+00
 1780  0.000000000000000D+00
 1781  0.000000000000000D+00
 1782  0.000000000000000D+00
 1783  0.000000000000000D+00
 1784  0.000000000000000D+00
 1785  0.000000000000000D+00
 1786  0.000000000000000D+00
 1787  0.000000000000000D+00
 1788  0.000000000000000D+00
 1789  0.000000000000000D+00
 1790  0.000000000000000D+00
 1791  0.000000000000000D+00
 1792  0.000000000000000D+00
 1793  0.000000000000000D+00
 1794  0.000000000000000D+00
 1795  0.000000000000000D+00
 1796  0.000000000000000D+00
 1797  0.000000000000000D+00
 1798  0.000000000000000D+00
 1799  0.000000000000000D+00
 1800  0.000000000000000D+00
 1801  0.000000000000000D+00
 1802  0.309006214357426D-38
 1803  0.610888338403547D-38
 1804  0.932107964875165D-40
 1805  0.000000000000000D+00
 1806  0.000000000000000D+00
 1807  0.165760330045974D-29
 1808  0.139728739637237D-29
 1809  0.547404555013253D-32
 1810  0.000000000000000D+00
 1811  0.000000000000000D+00
 1812  0.484817258642291D-19
 1813  0.306910584975913D-21
 1814  0.137004139998585D-22
 1815  0.000000000000000D+00
 1816  0.000000000000000D+00
 1817  0.456609692948770D-21
 1818  0.342924789616422D-21
 1819  0.908813127685523D-25
 1820  0.000000000000000D+00
 1821  0.000000000000000D+00
 1822  0.314772759797467D-24
 1823  0.653634264240175D-19
 1824  0.227610840676506D-46
 1825  0.514111356426064D-24
 1826  0.934928332072689D-25
 1827  0.329552696634703D-25
 1828  0.478554948366083D-26
 1829  0.000000000000000D+00
 1830  0.146953212277573D-46
 1831  0.121772636324759D-20
 1832  0.288615084825160D-45
 1833  0.309278286315236D-25
 1834  0.841244682181990D-21
 1835  0.259018947786267D-71
 1836  0.187002447078736D-20
 1837  0.802161825879960D-34
 1838  0.172002097215290D-23
 1839  0.182703197963376D-37
 1840  0.125522336058641D-13
 1841  0.336310532887460D-13
 1842  0.100050578033657D-12
 1843  0.212397969095132D-22
 1844  0.673512586359818D-11
 1845  0.894542635629476D-27
 1846  0.174353578496669D-10
 1847  0.124301100264106D-09
 1848  0.718859319482554D-23
 1849  0.776398075966288D-14
 1850  0.315511056706519D-25
 1851  0.875182921456382D-30
 1852  0.298679763234339D-70
 1853  0.174943822652663D-12
 1854  0.722135540162980D-48
 1855  0.321963420806176D-51
 1856  0.000000000000000D+00
 1857  0.568806389688522D-38
 1858  0.801713025091639D-39
 1859  0.140583635808924D-85
 1860  0.188167466917947D-39
 1861  0.472039370695636D-34
 1862  0.293453156391931D-41
 1863  0.136602801983594D-37
 1864  0.105002332030793D-36
 1865  0.822628334097328D-37
 1866  0.157306630745070D-59
 1867  0.355739470577937D-37
 1868  0.354765369371741D-49
 1869  0.666962782463404D-52
 1870  0.000000000000000D+00
 1871  0.121498829233533D-39
 1872  0.143394193369897D-51
 1873  0.565943786033138D-57
 1874  0.000000000000000D+00
 1875  0.172763556309590D-88
 1876  0.000000000000000D+00
 1877  0.000000000000000D+00
 1878  0.421252667264199D-90
 1879  0.000000000000000D+00
 1880  0.000000000000000D+00
 1881  0.000000000000000D+00
 1882  0.000000000000000D+00
 1883  0.000000000000000D+00
 1884  0.000000000000000D+00
 1885  0.000000000000000D+00
 1886  0.000000000000000D+00
 1887  0.000000000000000D+00
 1888  0.000000000000000D+00
 1889  0.000000000000000D+00
 1890  0.000000000000000D+00
 1891  0.000000000000000D+00
 1892  0.000000000000000D+00
 1893  0.000000000000000D+00
 1894  0.000000000000000D+00
 1895  0.000000000000000D+00
 1896  0.000000000000000D+00
 1897  0.000000000000000D+00
 1898  0.000000000000000D+00
 1899  0.000000000000000D+00
 1900  0.000000000000000D+00
 1901  0.000000000000000D+00
 1902  0.000000000000000D+00
 1903  0.000000000000000D+00
 1904  0.000000000000000D+00
 1905  0.000000000000000D+00
 1906  0.000000000000000D+00
 1907  0.000000000000000D+00
 1908  0.000000000000000D+00
 1909  0.000000000000000D+00
 1910  0.127179158659712D-28
 1911  0.210575426841145D-25
 1912  0.661940858858210D-30
 1913  0.000000000000000D+00
 1914  0.000000000000000D+00
 1915  0.884153553209271D-25
 1916  0.103443329837546D-25
 1917  0.391246471410173D-30
 1918  0.000000000000000D+00
 1919  0.000000000000000D+00
 1920  0.108941965170644D-24
 1921  0.317101797035370D-24
 1922  0.162300892204553D-27
 1923  0.000000000000000D+00
 1924  0.000000000000000D+00
 1925  0.950516254976124D-22
 1926  0.634816342599200D-26
 1927  0.124536233594424D-24
 1928  0.135515000905940D-69
 1929  0.296454598462048D-76
 1930  0.711137636994295D-21
 1931  0.214295958289101D-25
 1932  0.102503982912717D-21
 1933  0.000000000000000D+00
 1934  0.515536594980392D-84
 1935  0.129327358664066D-23
 1936  0.506647772043332D-21
 1937  0.325516713966498D-24
 1938  0.103938759954879D-32
 1939  0.321886535322728D-58
 1940  0.188016480674902D-33
 1941  0.172616270663842D-50
 1942  0.116649847071992D-57
 1943  0.136157074816033D-27
 1944  0.279911735737671D-39
 1945  0.115085432072639D-31
 1946  0.150585721394808D-17
 1947  0.873802042020131D-28
 1948  0.387664867889577D-18
 1949  0.825476018688731D-18
 1950  0.355116088712684D-30
 1951  0.565362675743190D-17
 1952  0.462462471171511D-29
 1953  0.305982769451379D-14
 1954  0.984395860259093D-14
 1955  0.183130883063988D-96
 1956  0.190376732855021D-16
 1957  0.194777763853909D-12
 1958  0.748780818717611D-74
 1959  0.132896306418754D-16
 1960  0.171281434094014D-11
 1961  0.573403872337807D-74
 1962  0.184254713109495D-25
 1963  0.792746627280797D-34
 1964  0.130279542912392D-23
 1965  0.118868045629259D-74
 1966  0.273234163352664D-60
 1967  0.126457302105125D-23
 1968  0.111312514704622D-19
 1969  0.383567113831164D-67
 1970  0.326798748671099D-20
 1971  0.976814095593092D-33
 1972  0.340333654171042D-23
 1973  0.000000000000000D+00
 1974  0.156207798594222D-66
 1975  0.852842096965959D-17
 1976  0.420728454600187D-28
 1977  0.236750810845853D-18
 1978  0.128780471466928D-66
 1979  0.415954351278748D-62
 1980  0.786543239365437D-31
 1981  0.429607024103637D-39
 1982  0.246430061385293D-36
 1983  0.000000000000000D+00
 1984  0.000000000000000D+00
 1985  0.397693534424011D-45
 1986  0.183062632658783D-51
 1987  0.000000000000000D+00
 1988  0.838779966011373D-44
 1989  0.164634069765692D-47
 1990  0.000000000000000D+00
 1991  0.223884142972585D-43
 1992  0.241613693250646D-47
 1993  0.785486121678230D-93
 1994  0.852675082743457D-42
 1995  0.481185482399060D-44
 1996  0.000000000000000D+00
 1997  0.200493135215792D-40
 1998  0.157434149171776D-44
 1999  0.440788889236468D-92
 2000  0.207905965226003D-40
 2001  0.202596931289354D-39
 2002  0.000000000000000D+00
 2003  0.188135694791166D-51
 2004  0.277644483516544D-55
 2005  0.903544528263974D-55
 2006  0.633843618700932D-78
 2007  0.809485257376015D-89
 2008  0.611896074097180D-46
 2009  0.784759026883920D-45
 2010  0.791809427317601D-93
 2011  0.618491162393188D-49
 2012  0.180845563172483D-51
 2013  0.433266085111160D-51
 2014  0.000000000000000D+00
 2015  0.678677507253632D-63
 2016  0.592335261242493D-44
 2017  0.903687876866807D-57
 2018  0.973914032299388D-62
 2019  0.000000000000000D+00
 2020  0.140806287452242D-27
 2021  0.000000000000000D+00
 2022  0.000000000000000D+00
 2023  0.755564795893978D-44
 2024  0.000000000000000D+00
 2025  0.000000000000000D+00
 2026  0.000000000000000D+00
 2027  0.000000000000000D+00
 2028  0.000000000000000D+00
 2029  0.000000000000000D+00
 2030  0.000000000000000D+00
 2031  0.000000000000000D+00
 2032  0.000000000000000D+00
 2033  0.000000000000000D+00
 2034  0.000000000000000D+00
 2035  0.000000000000000D+00
 2036  0.000000000000000D+00
 2037  0.000000000000000D+00
 2038  0.000000000000000D+00
 2039  0.000000000000000D+00
 2040  0.000000000000000D+00
 2041  0.000000000000000D+00
 2042  0.000000000000000D+00
 2043  0.000000000000000D+00
 2044  0.000000000000000D+00
 2045  0.000000000000000D+00
 2046  0.000000000000000D+00
 2047  0.000000000000000D+00
 2048  0.000000000000000D+00
 2049  0.000000000000000D+00
 2050  0.000000000000000D+00
 2051  0.341116240842399D-32
 2052  0.340176982749099D-32
 2053  0.665531163512834D-36
 2054  0.000000000000000D+00
 2055  0.000000000000000D+00
 2056  0.664461360754391D-28
 2057  0.507955078451124D-31
 2058  0.901161287657627D-34
 2059  0.000000000000000D+00
 2060  0.000000000000000D+00
 2061  0.551270277981324D-28
 2062  0.674668928754780D-30
 2063  0.183646447061211D-31
 2064  0.000000000000000D+00
 2065  0.000000000000000D+00
 2066  0.792370627386335D-28
 2067  0.446385420052007D-30
 2068  0.122257452354518D-26
 2069  0.175547323404484D-27
 2070  0.126180123824091D-86
 2071  0.340796244970250D-22
 2072  0.282414729710685D-25
 2073  0.109266618150120D-24
 2074  0.844466635792219D-65
 2075  0.000000000000000D+00
 2076  0.120548315314412D-20
 2077  0.162107325882031D-31
 2078  0.268112170594653D-27
 2079  0.212746689802273D-20
 2080  0.631457946784441D-18
 2081  0.290325818196871D-57
 2082  0.108148749972822D-19
 2083  0.383272350278477D-47
 2084  0.587776159689556D-21
 2085  0.698665381258795D-31
 2086  0.710731847657454D-22
 2087  0.350569384893801D-62
 2088  0.975210776684136D-29
 2089  0.173690193903875D-20
 2090  0.329016325556080D-18
 2091  0.282023320643070D-16
 2092  0.319513263451338D-12
 2093  0.333828187631520D-14
 2094  0.560902590496605D-11
 2095  0.286893585104275D-11
 2096  0.156173103960109D-13
 2097  0.440213757626004D-25
 2098  0.115751404634176D-29
 2099  0.363331427349435D-77
 2100  0.390691842187259D-51
 2101  0.644137077842365D-57
 2102  0.000000000000000D+00
 2103  0.826178998319254D-51
 2104  0.244231093204867D-55
 2105  0.000000000000000D+00
 2106  0.301601573128641D-52
 2107  0.508836316144659D-57
 2108  0.000000000000000D+00
 2109  0.820591672753290D-46
 2110  0.101495163979604D-44
 2111  0.374060122473511D-45
 2112  0.865382043878193D-60
 2113  0.892652380705945D-40
 2114  0.247394222135975D-39
 2115  0.753072946330769D-38
 2116  0.253789901970051D-40
 2117  0.815792610551831D-42
 2118  0.159823290892947D-89
 2119  0.748728719701791D-41
 2120  0.186354034501062D-53
 2121  0.367506504852225D-57
 2122  0.000000000000000D+00
 2123  0.158308469294075D-78
 2124  0.000000000000000D+00
 2125  0.000000000000000D+00
 2126  0.000000000000000D+00
 2127  0.000000000000000D+00
 2128  0.000000000000000D+00
 2129  0.000000000000000D+00
 2130  0.000000000000000D+00
 2131  0.000000000000000D+00
 2132  0.000000000000000D+00
 2133  0.000000000000000D+00
 2134  0.000000000000000D+00
 2135  0.000000000000000D+00
 2136  0.000000000000000D+00
 2137  0.000000000000000D+00
 2138  0.000000000000000D+00
 2139  0.000000000000000D+00
 2140  0.000000000000000D+00
 2141  0.000000000000000D+00
 2142  0.000000000000000D+00
 2143  0.000000000000000D+00
 2144  0.000000000000000D+00
 2145  0.000000000000000D+00
 2146  0.000000000000000D+00
 2147  0.000000000000000D+00
 2148  0.000000000000000D+00
 2149  0.000000000000000D+00
 2150  0.000000000000000D+00
 2151  0.000000000000000D+00
 2152  0.000000000000000D+00
 2153  0.000000000000000D+00
 2154  0.000000000000000D+00
 2155  0.987772353563572D-33
 2156  0.117183093615020D-35
 2157  0.302203984105821D-37
 2158  0.000000000000000D+00
 2159  0.000000000000000D+00
 2160  0.175087654299107D-30
 2161  0.815555704286236D-34
 2162  0.471885838177372D-35
 2163  0.000000000000000D+00
 2164  0.000000000000000D+00
 2165  0.187004641702769D-29
 2166  0.199435233490519D-33
 2167  0.157522419113066D-33
 2168  0.000000000000000D+00
 2169  0.000000000000000D+00
 2170  0.607848554535285D-24
 2171  0.171726694156820D-36
 2172  0.253090136647805D-24
 2173  0.102550953148984D-87
 2174  0.744066451246576D-49
 2175  0.417252715219805D-25
 2176  0.111189996097100D-32
 2177  0.203073947404696D-25
 2178  0.000000000000000D+00
 2179  0.257314203226501D-60
 2180  0.357004770687410D-25
 2181  0.332546513298724D-22
 2182  0.685522519986817D-33
 2183  0.198654381087522D-25
 2184  0.226861978365799D-44
 2185  0.228175969261903D-23
 2186  0.361024992083090D-72
 2187  0.377573805687380D-44
 2188  0.229516167954068D-20
 2189  0.512044295325209D-53
 2190  0.275340846127281D-31
 2191  0.886828244131206D-42
 2192  0.893781768236319D-43
 2193  0.112325082466907D-27
 2194  0.529587710708435D-23
 2195  0.380010242611895D-24
 2196  0.515290654964086D-30
 2197  0.839328006512515D-17
 2198  0.279560393182486D-43
 2199  0.170428932133852D-18
 2200  0.333159297048564D-28
 2201  0.308805670851120D-14
 2202  0.652784921442497D-52
 2203  0.397112829196993D-17
 2204  0.439532639169737D-26
 2205  0.129834129660862D-14
 2206  0.187769416812276D-43
 2207  0.142657769945462D-39
 2208  0.389957836848877D-25
 2209  0.394111113700744D-12
 2210  0.907768897243637D-54
 2211  0.413504870706043D-25
 2212  0.152930872993174D-34
 2213  0.118264854149973D-27
 2214  0.000000000000000D+00
 2215  0.544052440085410D-73
 2216  0.806378006674829D-34
 2217  0.397985258850969D-38
 2218  0.182850673833610D-36
 2219  0.000000000000000D+00
 2220  0.000000000000000D+00
 2221  0.000000000000000D+00
 2222  0.000000000000000D+00
 2223  0.000000000000000D+00
 2224  0.000000000000000D+00
 2225  0.000000000000000D+00
 2226  0.146764264148374D-56
 2227  0.000000000000000D+00
 2228  0.107590571888784D-53
 2229  0.000000000000000D+00
 2230  0.502344009211701D-52
 2231  0.000000000000000D+00
 2232  0.102074786038099D-45
 2233  0.000000000000000D+00
 2234  0.108024968584569D-46
 2235  0.453427337487036D-98
 2236  0.294206481804471D-45
 2237  0.000000000000000D+00
 2238  0.170129598127985D-46
 2239  0.581865219918069D-71
 2240  0.186489761850840D-70
 2241  0.000000000000000D+00
 2242  0.000000000000000D+00
 2243  0.414069329633658D-60
 2244  0.000000000000000D+00
 2245  0.000000000000000D+00
 2246  0.000000000000000D+00
 2247  0.000000000000000D+00
 2248  0.000000000000000D+00
 2249  0.000000000000000D+00
 2250  0.000000000000000D+00
 2251  0.000000000000000D+00
 2252  0.000000000000000D+00
 2253  0.000000000000000D+00
 2254  0.000000000000000D+00
 2255  0.000000000000000D+00
 2256  0.000000000000000D+00
 2257  0.000000000000000D+00
 2258  0.000000000000000D+00
 2259  0.000000000000000D+00
 2260  0.000000000000000D+00
 2261  0.000000000000000D+00
 2262  0.000000000000000D+00
 2263  0.000000000000000D+00
 2264  0.000000000000000D+00
 2265  0.000000000000000D+00
 2266  0.000000000000000D+00
 2267  0.000000000000000D+00
 2268  0.000000000000000D+00
 2269  0.000000000000000D+00
 2270  0.141547003693033D-41
 2271  0.629537452436567D-40
 2272  0.374861113361130D-44
 2273  0.000000000000000D+00
 2274  0.000000000000000D+00
 2275  0.160809422166377D-34
 2276  0.351297779495136D-37
 2277  0.546263128769383D-39
 2278  0.000000000000000D+00
 2279  0.000000000000000D+00
 2280  0.198974297305956D-37
 2281  0.693367517323535D-37
 2282  0.472586737188607D-39
 2283  0.000000000000000D+00
 2284  0.000000000000000D+00
 2285  0.437536224769094D-28
 2286  0.527610231676223D-40
 2287  0.125464125759238D-31
 2288  0.353149381615960D-63
 2289  0.262581330948489D-60
 2290  0.397792022350856D-27
 2291  0.880728823070539D-34
 2292  0.101273274680565D-30
 2293  0.167765062475665D-80
 2294  0.000000000000000D+00
 2295  0.165169085421363D-48
 2296  0.406196348126025D-20
 2297  0.367909124016902D-35
 2298  0.175390796803038D-26
 2299  0.286743384029014D-35
 2300  0.242963194080768D-26
 2301  0.601427456954555D-34
 2302  0.806754829779914D-71
 2303  0.124687223171589D-19
 2304  0.523598508623903D-32
 2305  0.117597403200801D-19
 2306  0.203635168696995D-54
 2307  0.271375442686508D-21
 2308  0.158524075249623D-25
 2309  0.228793340269073D-31
 2310  0.446744734732420D-38
 2311  0.175773229962255D-69
 2312  0.256191480160388D-96
 2313  0.000000000000000D+00
 2314  0.000000000000000D+00
 2315  0.000000000000000D+00
 2316  0.000000000000000D+00
 2317  0.000000000000000D+00
 2318  0.000000000000000D+00
 2319  0.000000000000000D+00
 2320  0.000000000000000D+00
 2321  0.000000000000000D+00
 2322  0.000000000000000D+00
 2323  0.000000000000000D+00
 2324  0.000000000000000D+00
 2325  0.000000000000000D+00
 2326  0.000000000000000D+00
 2327  0.000000000000000D+00
 2328  0.000000000000000D+00
 2329  0.000000000000000D+00
 2330  0.000000000000000D+00
 2331  0.000000000000000D+00
 2332  0.000000000000000D+00
 2333  0.000000000000000D+00
 2334  0.000000000000000D+00
 2335  0.000000000000000D+00
 2336  0.000000000000000D+00
 2337  0.000000000000000D+00
 2338  0.000000000000000D+00
 2339  0.000000000000000D+00
 2340  0.000000000000000D+00
 2341  0.000000000000000D+00
 2342  0.000000000000000D+00
 2343  0.000000000000000D+00
 2344  0.108858023356297D-27
 2345  0.384969268848800D-04
 2346  0.369461893407749D-19
 2347  0.222053084232499D-18
 2348  0.435000576503360D-18
 2349  0.882268776066480D-19
 2350  0.572439914137832D-20
 2351  0.000000000000000D+00
 2352  0.000000000000000D+00
 2353  0.383257286143607D-04
 2354  0.234706030688587D-32
 2355  0.210477248910390D-23
 2356  0.108957400975370D-27
 2357  0.111107841989215D-18
 2358  0.124729808431433D-29
 2359  0.409625656701498D-27
 2360  0.609938384621523D-05
 2361  0.392154263990476D-19
 2362  0.409304387897742D-20
 2363  0.413751682436220D-18
 2364  0.381583049214325D-18
 2365  0.213613066935337D-20
 2366  0.000000000000000D+00
 2367  0.000000000000000D+00
 2368  0.642849330129034D-05
 2369  0.474018774871473D-26
 2370  0.289264564237307D-24
 2371  0.335119999183991D-28
 2372  0.159664704965042D-16
 2373  0.310704075155946D-30
